{"failedCount":2,"prefixedPath":"classpath:reqResApp\/feature\/createUser.feature","packageQualifiedName":"reqResApp.feature.createUser","loopIndex":-1,"relativePath":"reqResApp\/feature\/createUser.feature","scenarioResults":[{"sectionIndex":0,"stepResults":[{"result":{"nanos":57652000,"millis":57.652,"status":"passed"},"step":{"background":true,"line":4,"prefix":"*","index":0,"text":"def baseURL = 'https:\/\/reqres.in\/api'"},"stepLog":"06:00:00.901 karate.env system property was: null \n"},{"result":{"nanos":15376600,"errorMessage":"js failed:\n>>>>\n01: read(classpath:testdata\\createUserPayload.json)\n<<<<\norg.graalvm.polyglot.PolyglotException: SyntaxError: Unnamed:1:14 Expected , but found :\r\nread(classpath:testdata\\createUserPayload.json)\r\n              ^\n\n- org.graalvm.polyglot.Context.eval(Context.java:425)\n- com.intuit.karate.graal.JsEngine.evalForValue(JsEngine.java:169)\n- com.intuit.karate.graal.JsEngine.eval(JsEngine.java:165)\n- com.intuit.karate.core.ScenarioEngine.evalJs(ScenarioEngine.java:1199)\n- com.intuit.karate.core.ScenarioEngine.evalKarateExpression(ScenarioEngine.java:2147)\n- com.intuit.karate.core.ScenarioEngine.evalKarateExpression(ScenarioEngine.java:2066)\n- com.intuit.karate.core.ScenarioEngine.call(ScenarioEngine.java:1866)\n\nclasspath:reqResApp\/feature\/createUser.feature:5","millis":15.3766,"status":"failed"},"step":{"background":true,"line":5,"prefix":"*","index":1,"text":"def createUser = call read(classpath:testdata\\createUserPayload.json)"},"stepLog":"06:00:01.210 classpath:reqResApp\/feature\/createUser.feature:5\n* def createUser = call read(classpath:testdata\\createUserPayload.json)\njs failed:\n>>>>\n01: read(classpath:testdata\\createUserPayload.json)\n<<<<\norg.graalvm.polyglot.PolyglotException: SyntaxError: Unnamed:1:14 Expected , but found :\r\nread(classpath:testdata\\createUserPayload.json)\r\n              ^\n\n- org.graalvm.polyglot.Context.eval(Context.java:425)\n- com.intuit.karate.graal.JsEngine.evalForValue(JsEngine.java:169)\n- com.intuit.karate.graal.JsEngine.eval(JsEngine.java:165)\n- com.intuit.karate.core.ScenarioEngine.evalJs(ScenarioEngine.java:1199)\n- com.intuit.karate.core.ScenarioEngine.evalKarateExpression(ScenarioEngine.java:2147)\n- com.intuit.karate.core.ScenarioEngine.evalKarateExpression(ScenarioEngine.java:2066)\n- com.intuit.karate.core.ScenarioEngine.call(ScenarioEngine.java:1866)\n\nclasspath:reqResApp\/feature\/createUser.feature:5\n"},{"result":{"nanos":0,"millis":0.0,"status":"skipped"},"step":{"line":9,"prefix":"Given","index":0,"text":"url baseURL +'\/register'"}},{"result":{"nanos":0,"millis":0.0,"status":"skipped"},"step":{"comments":["#And request {\"username\": \"eve.holt@reqres.in\", \"email\": \"eve.holt@reqres.in\", \"password\": \"cityslicka\"}"],"line":11,"prefix":"And","index":1,"text":"request createUser"}},{"result":{"nanos":0,"millis":0.0,"status":"skipped"},"step":{"line":12,"prefix":"And","index":2,"text":"header Accept = 'application\/json'"}},{"result":{"nanos":0,"millis":0.0,"status":"skipped"},"step":{"line":13,"prefix":"When","index":3,"text":"method post"}},{"result":{"nanos":0,"millis":0.0,"status":"skipped"},"step":{"line":14,"prefix":"Then","index":4,"text":"status 200"}},{"result":{"nanos":0,"millis":0.0,"status":"skipped"},"step":{"line":15,"prefix":"*","index":5,"text":"match response.id == '#notnull'"}},{"result":{"nanos":0,"millis":0.0,"status":"skipped"},"step":{"line":16,"prefix":"*","index":6,"text":"match response.token == '#notnull'"}},{"result":{"nanos":0,"millis":0.0,"status":"skipped"},"step":{"line":17,"prefix":"*","index":7,"text":"match response == {\"id\": \"#number\", \"token\": \"#string\"}"}},{"result":{"nanos":0,"millis":0.0,"status":"skipped"},"step":{"line":18,"prefix":"*","index":8,"text":"def myToken = response.token"}},{"result":{"nanos":0,"millis":0.0,"status":"skipped"},"step":{"line":19,"prefix":"*","index":9,"text":"print 'My token is: ' + myToken"}}],"line":8,"description":"","durationMillis":73.0286,"failed":true,"error":"js failed:\n>>>>\n01: read(classpath:testdata\\createUserPayload.json)\n<<<<\norg.graalvm.polyglot.PolyglotException: SyntaxError: Unnamed:1:14 Expected , but found :\r\nread(classpath:testdata\\createUserPayload.json)\r\n              ^\n\n- org.graalvm.polyglot.Context.eval(Context.java:425)\n- com.intuit.karate.graal.JsEngine.evalForValue(JsEngine.java:169)\n- com.intuit.karate.graal.JsEngine.eval(JsEngine.java:165)\n- com.intuit.karate.core.ScenarioEngine.evalJs(ScenarioEngine.java:1199)\n- com.intuit.karate.core.ScenarioEngine.evalKarateExpression(ScenarioEngine.java:2147)\n- com.intuit.karate.core.ScenarioEngine.evalKarateExpression(ScenarioEngine.java:2066)\n- com.intuit.karate.core.ScenarioEngine.call(ScenarioEngine.java:1866)\n\nclasspath:reqResApp\/feature\/createUser.feature:5","tags":["Positive"],"executorName":"pool-1-thread-1","name":"Validate user creation with request","startTime":1681588800477,"refId":"[1:8]","endTime":1681588801210,"exampleIndex":-1},{"sectionIndex":1,"stepResults":[{"result":{"nanos":8273000,"millis":8.273,"status":"passed"},"step":{"background":true,"line":4,"prefix":"*","index":0,"text":"def baseURL = 'https:\/\/reqres.in\/api'"},"stepLog":"06:00:00.982 karate.env system property was: null \n"},{"result":{"nanos":88990200,"errorMessage":"js failed:\n>>>>\n01: read(classpath:testdata\\createUserPayload.json)\n<<<<\norg.graalvm.polyglot.PolyglotException: SyntaxError: Unnamed:1:14 Expected , but found :\r\nread(classpath:testdata\\createUserPayload.json)\r\n              ^\n\n- org.graalvm.polyglot.Context.eval(Context.java:425)\n- com.intuit.karate.graal.JsEngine.evalForValue(JsEngine.java:169)\n- com.intuit.karate.graal.JsEngine.eval(JsEngine.java:165)\n- com.intuit.karate.core.ScenarioEngine.evalJs(ScenarioEngine.java:1199)\n- com.intuit.karate.core.ScenarioEngine.evalKarateExpression(ScenarioEngine.java:2147)\n- com.intuit.karate.core.ScenarioEngine.evalKarateExpression(ScenarioEngine.java:2066)\n- com.intuit.karate.core.ScenarioEngine.call(ScenarioEngine.java:1866)\n\nclasspath:reqResApp\/feature\/createUser.feature:5","millis":88.9902,"status":"failed"},"step":{"background":true,"line":5,"prefix":"*","index":1,"text":"def createUser = call read(classpath:testdata\\createUserPayload.json)"},"stepLog":"06:00:01.229 classpath:reqResApp\/feature\/createUser.feature:5\n* def createUser = call read(classpath:testdata\\createUserPayload.json)\njs failed:\n>>>>\n01: read(classpath:testdata\\createUserPayload.json)\n<<<<\norg.graalvm.polyglot.PolyglotException: SyntaxError: Unnamed:1:14 Expected , but found :\r\nread(classpath:testdata\\createUserPayload.json)\r\n              ^\n\n- org.graalvm.polyglot.Context.eval(Context.java:425)\n- com.intuit.karate.graal.JsEngine.evalForValue(JsEngine.java:169)\n- com.intuit.karate.graal.JsEngine.eval(JsEngine.java:165)\n- com.intuit.karate.core.ScenarioEngine.evalJs(ScenarioEngine.java:1199)\n- com.intuit.karate.core.ScenarioEngine.evalKarateExpression(ScenarioEngine.java:2147)\n- com.intuit.karate.core.ScenarioEngine.evalKarateExpression(ScenarioEngine.java:2066)\n- com.intuit.karate.core.ScenarioEngine.call(ScenarioEngine.java:1866)\n\nclasspath:reqResApp\/feature\/createUser.feature:5\n"},{"result":{"nanos":0,"millis":0.0,"status":"skipped"},"step":{"line":23,"prefix":"Given","index":0,"text":"url 'https:\/\/reqres.in\/api\/register'"}},{"result":{"nanos":0,"millis":0.0,"status":"skipped"},"step":{"line":24,"prefix":"And","index":1,"text":"header Accept = 'application\/json'"}},{"result":{"nanos":0,"millis":0.0,"status":"skipped"},"step":{"line":25,"prefix":"When","index":2,"text":"method post"}},{"result":{"nanos":0,"millis":0.0,"status":"skipped"},"step":{"line":26,"prefix":"Then","index":3,"text":"status 400"}},{"result":{"nanos":0,"millis":0.0,"status":"skipped"},"step":{"line":27,"prefix":"*","index":4,"text":"match response.error == 'Missing email or username'"}}],"line":22,"description":"","durationMillis":97.2632,"failed":true,"error":"js failed:\n>>>>\n01: read(classpath:testdata\\createUserPayload.json)\n<<<<\norg.graalvm.polyglot.PolyglotException: SyntaxError: Unnamed:1:14 Expected , but found :\r\nread(classpath:testdata\\createUserPayload.json)\r\n              ^\n\n- org.graalvm.polyglot.Context.eval(Context.java:425)\n- com.intuit.karate.graal.JsEngine.evalForValue(JsEngine.java:169)\n- com.intuit.karate.graal.JsEngine.eval(JsEngine.java:165)\n- com.intuit.karate.core.ScenarioEngine.evalJs(ScenarioEngine.java:1199)\n- com.intuit.karate.core.ScenarioEngine.evalKarateExpression(ScenarioEngine.java:2147)\n- com.intuit.karate.core.ScenarioEngine.evalKarateExpression(ScenarioEngine.java:2066)\n- com.intuit.karate.core.ScenarioEngine.call(ScenarioEngine.java:1866)\n\nclasspath:reqResApp\/feature\/createUser.feature:5","tags":["Negative"],"executorName":"pool-1-thread-2","name":"Validate user creation without request","startTime":1681588800478,"refId":"[2:22]","endTime":1681588801229,"exampleIndex":-1}],"callDepth":0,"name":"Creating user","description":"","resultDate":"2023-04-16 06:00:01 AM","durationMillis":170.2918,"passedCount":0}